2025-04-11 19:51:42,531 | CRITICAL | all your base are belong to us
2025-04-11 19:51:42,534 | INFO | hello
2025-04-11 20:02:40,572 | CRITICAL | all your base are belong to us
2025-04-11 20:02:40,572 | CRITICAL | all your base are belong to us
2025-04-11 20:02:40,573 | INFO | hello
2025-04-11 20:02:40,573 | INFO | hello
2025-04-11 20:21:08,946 | CRITICAL | OMG THE WORLD IS ENDING!!!!
2025-04-11 20:21:08,946 | CRITICAL | OMG THE WORLD IS ENDING!!!!
2025-04-11 20:21:08,946 | CRITICAL | there is no more disk space
2025-04-11 20:21:08,946 | CRITICAL | there is no more disk space
2025-04-11 20:21:08,946 | ERROR | file not found creating new file
2025-04-11 20:21:08,946 | ERROR | file not found creating new file
2025-04-11 20:21:08,956 | WARNING | disk space is low
2025-04-11 20:21:08,956 | WARNING | disk space is low
2025-04-11 20:21:08,958 | INFO | user logged in with correct password
2025-04-11 20:21:08,958 | INFO | user logged in with correct password
2025-04-11 20:26:22,515 | CRITICAL | OMG THE WORLD IS ENDING!!!!
2025-04-11 20:26:22,515 | CRITICAL | OMG THE WORLD IS ENDING!!!!
2025-04-11 20:26:22,521 | CRITICAL | there is no more disk space
2025-04-11 20:26:22,521 | CRITICAL | there is no more disk space
2025-04-11 20:26:22,523 | ERROR | file not found creating new file
2025-04-11 20:26:22,523 | ERROR | file not found creating new file
2025-04-11 20:26:22,527 | WARNING | disk space is low
2025-04-11 20:26:22,527 | WARNING | disk space is low
2025-04-11 20:26:22,528 | INFO | user logged in with correct password
2025-04-11 20:26:22,528 | INFO | user logged in with correct password
2025-04-11 20:50:11,834 | CRITICAL | all your base are belong to us
2025-04-11 20:50:11,834 | CRITICAL | all your base are belong to us
2025-04-11 20:50:11,834 | CRITICAL | all your base are belong to us
2025-04-11 20:50:11,843 | INFO | hello
2025-04-11 20:50:11,843 | INFO | hello
2025-04-11 20:50:11,843 | INFO | hello
2025-04-11 21:05:49,354 | CRITICAL | all your base are belong to us
2025-04-11 21:05:49,354 | CRITICAL | all your base are belong to us
2025-04-11 21:05:49,354 | CRITICAL | all your base are belong to us
2025-04-11 21:05:49,354 | CRITICAL | all your base are belong to us
2025-04-11 21:05:49,361 | INFO | hello
2025-04-11 21:05:49,361 | INFO | hello
2025-04-11 21:05:49,361 | INFO | hello
2025-04-11 21:05:49,361 | INFO | hello
